Workspace contents:
[Pipeline] sh
+ ls -R
.:
backend-state
backupPipelines
db.sqlite3
docker-compose.yaml
Dockerfile
errors
Jenkinsfile-backend
Jenkinsfile-workerNode
jenkins-worker-tfm
LICENSE
manage.py
modules
Project Flow
README.md
requirements.txt
scripts
staticfiles
todoApp
todos
vars

./backend-state:
backend-planFile.tfplan
main.tf

./backupPipelines:
Jenkinsfile

./jenkins-worker-tfm:
ec2forJenkins.tf
main.tf
outputs.tf

./modules:
Security-group

./modules/Security-group:
securityGrp.tf

./scripts:
docker_installation.sh
jenkins-worker.sh

./staticfiles:
css
todoApp.png

./staticfiles/css:
style.css

./todoApp:
__init__.py
settings.py
urls.py
views.py
wsgi.py

./todos:
admin.py
apps.py
__init__.py
migrations
models.py
templates
tests.py
urls.py
views.py

./todos/migrations:
0001_initial.py
0002_auto_20191201_2357.py
0003_auto_20191202_0000.py
0004_auto_20191202_0004.py
0005_auto_20191202_0011.py
0006_remove_todo_deadline.py
0007_auto_20191202_0323.py
0008_auto_20191202_0809.py
__init__.py

./todos/templates:
todos

./todos/templates/todos:
base.html
index.html

./vars:
TerraformSteps.groovy
[Pipeline] archiveArtifacts
Archiving artifacts
‘./Artifacts/backend-artifacts/44_20240130-132504/*’ doesn’t match anything, but ‘*’ does. Perhaps that’s what you mean?
[Pipeline] }
[Pipeline] // script
Error when executing success post condition:
Also:   org.jenkinsci.plugins.workflow.actions.ErrorAction$ErrorId: a351d0de-1697-4a0b-a5bd-1e1719db39e9
hudson.AbortException: No artifacts found that match the file pattern "./Artifacts/backend-artifacts/44_20240130-132504/*". Configuration error?
	at hudson.tasks.ArtifactArchiver.perform(ArtifactArchiver.java:283)
	at org.jenkinsci.plugins.workflow.steps.CoreStep$Execution.run(CoreStep.java:101)
	at org.jenkinsci.plugins.workflow.steps.CoreStep$Execution.run(CoreStep.java:71)
	at org.jenkinsci.plugins.workflow.steps.SynchronousNonBlockingStepExecution.lambda$start$0(SynchronousNonBlockingStepExecution.java:47)
	at java.base/java.util.concurrent.Executors$RunnableAdapter.call(Executors.java:539)
	at java.base/java.util.concurrent.FutureTask.run(FutureTask.java:264)
	at java.base/java.util.concurrent.ThreadPoolExecutor.runWorker(ThreadPoolExecutor.java:1136)
	at java.base/java.util.concurrent.ThreadPoolExecutor$Worker.run(ThreadPoolExecutor.java:635)
	at java.base/java.lang.Thread.run(Thread.java:840)

[Pipeline] }
[Pipeline] // stage
[Pipeline] }
[Pipeline] // withEnv
[Pipeline] }
[Pipeline] // node
[Pipeline] End of Pipeline
ERROR: No artifacts found that match the file pattern "./Artifacts/backend-artifacts/44_20240130-132504/*". Configuration error?
Finished: FAILURE
